<?xml version="1.0" encoding="UTF-8"?>
<!-- Generated by org.testng.reporters.JUnitReportReporter -->
<testsuite hostname="C312861.local" name="HomePackage.HomeClass" tests="9" failures="0" timestamp="21 Jan 2016 16:36:33 GMT" time="61.621" errors="0">
  <testcase name="AddJobLead" time="6.437" classname="HomePackage.HomeClass"/>
  <testcase name="AddCustomerPack" time="6.430" classname="HomePackage.HomeClass"/>
  <testcase name="AddCustomerPackSelfie2" time="7.148" classname="HomePackage.HomeClass"/>
  <testcase name="createLead" time="10.016" classname="HomePackage.HomeClass"/>
  <testcase name="AddAddress" time="9.872" classname="HomePackage.HomeClass"/>
  <testcase name="ConvertLead" time="4.316" classname="HomePackage.HomeClass"/>
  <testcase name="AddCustomerPackSelfie" time="7.011" classname="HomePackage.HomeClass"/>
  <testcase name="verifyLeadCreated" time="0.718" classname="HomePackage.HomeClass"/>
  <testcase name="loginSalesforce" time="9.673" classname="HomePackage.HomeClass"/>
</testsuite> <!-- HomePackage.HomeClass -->
